<?xml version="1.0" encoding="UTF-8"?>
<!-- Generated by org.testng.reporters.JUnitReportReporter -->
<testsuite skipped="1" hostname="NOD-WIN-BS40" name="com.irctc.common.TestCase" tests="2" failures="0" timestamp="16 Jul 2018 12:57:07 GMT" time="0.568" errors="0">
  <testcase name="login2" time="0.568" classname="com.irctc.common.TestCase"/>
  <testcase name="login" classname="com.irctc.common.TestCase">
    <skipped/>
  </testcase> <!-- login -->
</testsuite> <!-- com.irctc.common.TestCase -->
